{"/Users/jbendix/Projects/starlight/starlight-rapidoc/packages/starlight-rapidoc/index.ts": {"path":"/Users/jbendix/Projects/starlight/starlight-rapidoc/packages/starlight-rapidoc/index.ts","statementMap":{"0":{"start":{"line":9,"column":6},"end":{"line":9,"column":null}},"1":{"start":{"line":10,"column":6},"end":{"line":10,"column":null}},"2":{"start":{"line":18,"column":2},"end":{"line":18,"column":null}},"3":{"start":{"line":21,"column":7},"end":{"line":25,"column":null}},"4":{"start":{"line":27,"column":1},"end":{"line":81,"column":null}},"5":{"start":{"line":36,"column":26},"end":{"line":36,"column":null}},"6":{"start":{"line":37,"column":4},"end":{"line":40,"column":null}},"7":{"start":{"line":38,"column":5},"end":{"line":38,"column":null}},"8":{"start":{"line":39,"column":5},"end":{"line":39,"column":null}},"9":{"start":{"line":44,"column":27},"end":{"line":53,"column":null}},"10":{"start":{"line":55,"column":4},"end":{"line":55,"column":null}},"11":{"start":{"line":56,"column":4},"end":{"line":56,"column":null}},"12":{"start":{"line":57,"column":4},"end":{"line":57,"column":null}},"13":{"start":{"line":58,"column":4},"end":{"line":58,"column":null}},"14":{"start":{"line":59,"column":4},"end":{"line":59,"column":null}},"15":{"start":{"line":60,"column":4},"end":{"line":65,"column":null}},"16":{"start":{"line":67,"column":4},"end":{"line":78,"column":null}},"17":{"start":{"line":71,"column":7},"end":{"line":75,"column":null}}},"fnMap":{"0":{"name":"starlightRapidocPlugin","decl":{"start":{"line":14,"column":24},"end":{"line":14,"column":null}},"loc":{"start":{"line":16,"column":19},"end":{"line":82,"column":null}},"line":16},"1":{"name":"(anonymous_1)","decl":{"start":{"line":30,"column":19},"end":{"line":30,"column":26}},"loc":{"start":{"line":35,"column":9},"end":{"line":79,"column":null}},"line":35},"2":{"name":"(anonymous_2)","decl":{"start":{"line":70,"column":28},"end":{"line":70,"column":29}},"loc":{"start":{"line":70,"column":50},"end":{"line":76,"column":null}},"line":70}},"branchMap":{"0":{"loc":{"start":{"line":37,"column":4},"end":{"line":40,"column":null}},"type":"if","locations":[{"start":{"line":37,"column":4},"end":{"line":40,"column":null}},{"start":{},"end":{}}],"line":37},"1":{"loc":{"start":{"line":46,"column":6},"end":{"line":46,"column":null}},"type":"binary-expr","locations":[{"start":{"line":46,"column":6},"end":{"line":46,"column":54}},{"start":{"line":46,"column":54},"end":{"line":46,"column":null}}],"line":46},"2":{"loc":{"start":{"line":48,"column":6},"end":{"line":48,"column":null}},"type":"binary-expr","locations":[{"start":{"line":48,"column":6},"end":{"line":48,"column":53}},{"start":{"line":48,"column":53},"end":{"line":48,"column":null}}],"line":48},"3":{"loc":{"start":{"line":50,"column":6},"end":{"line":50,"column":null}},"type":"binary-expr","locations":[{"start":{"line":50,"column":6},"end":{"line":50,"column":54}},{"start":{"line":50,"column":54},"end":{"line":50,"column":null}}],"line":50},"4":{"loc":{"start":{"line":52,"column":6},"end":{"line":52,"column":null}},"type":"binary-expr","locations":[{"start":{"line":52,"column":6},"end":{"line":52,"column":53}},{"start":{"line":52,"column":53},"end":{"line":52,"column":null}}],"line":52}},"s":{"0":1,"1":1,"2":8,"3":8,"4":8,"5":6,"6":6,"7":1,"8":1,"9":5,"10":6,"11":6,"12":6,"13":6,"14":6,"15":6,"16":6,"17":1},"f":{"0":8,"1":6,"2":1},"b":{"0":[1,5],"1":[5,2],"2":[6,2],"3":[6,4],"4":[6,4]},"meta":{"lastBranch":5,"lastFunction":3,"lastStatement":18,"seen":{"s:9:6:9:Infinity":0,"s:10:6:10:Infinity":1,"f:14:24:14:Infinity":0,"s:18:2:18:Infinity":2,"s:21:7:25:Infinity":3,"s:27:1:81:Infinity":4,"f:30:19:30:26":1,"s:36:26:36:Infinity":5,"b:37:4:40:Infinity:undefined:undefined:undefined:undefined":0,"s:37:4:40:Infinity":6,"s:38:5:38:Infinity":7,"s:39:5:39:Infinity":8,"s:44:27:53:Infinity":9,"b:46:6:46:54:46:54:46:Infinity":1,"b:48:6:48:53:48:53:48:Infinity":2,"b:50:6:50:54:50:54:50:Infinity":3,"b:52:6:52:53:52:53:52:Infinity":4,"s:55:4:55:Infinity":10,"s:56:4:56:Infinity":11,"s:57:4:57:Infinity":12,"s:58:4:58:Infinity":13,"s:59:4:59:Infinity":14,"s:60:4:65:Infinity":15,"s:67:4:78:Infinity":16,"f:70:28:70:29":2,"s:71:7:75:Infinity":17}}}
,"/Users/jbendix/Projects/starlight/starlight-rapidoc/packages/starlight-rapidoc/schema.ts": {"path":"/Users/jbendix/Projects/starlight/starlight-rapidoc/packages/starlight-rapidoc/schema.ts","statementMap":{"0":{"start":{"line":3,"column":29},"end":{"line":9,"column":null}}},"fnMap":{},"branchMap":{},"s":{"0":1},"f":{},"b":{},"meta":{"lastBranch":0,"lastFunction":0,"lastStatement":1,"seen":{"s:3:29:9:Infinity":0}}}
,"/Users/jbendix/Projects/starlight/starlight-rapidoc/packages/starlight-rapidoc/libs/config.ts": {"path":"/Users/jbendix/Projects/starlight/starlight-rapidoc/packages/starlight-rapidoc/libs/config.ts","statementMap":{"0":{"start":{"line":4,"column":22},"end":{"line":4,"column":null}},"1":{"start":{"line":7,"column":23},"end":{"line":13,"column":null}},"2":{"start":{"line":15,"column":44},"end":{"line":23,"column":null}}},"fnMap":{},"branchMap":{},"s":{"0":2,"1":2,"2":2},"f":{},"b":{},"meta":{"lastBranch":0,"lastFunction":0,"lastStatement":3,"seen":{"s:4:22:4:Infinity":0,"s:7:23:13:Infinity":1,"s:15:44:23:Infinity":2}}}
,"/Users/jbendix/Projects/starlight/starlight-rapidoc/packages/starlight-rapidoc/libs/vite.ts": {"path":"/Users/jbendix/Projects/starlight/starlight-rapidoc/packages/starlight-rapidoc/libs/vite.ts","statementMap":{"0":{"start":{"line":8,"column":18},"end":{"line":8,"column":null}},"1":{"start":{"line":9,"column":26},"end":{"line":9,"column":null}},"2":{"start":{"line":10,"column":23},"end":{"line":10,"column":null}},"3":{"start":{"line":12,"column":1},"end":{"line":20,"column":null}},"4":{"start":{"line":15,"column":3},"end":{"line":15,"column":null}},"5":{"start":{"line":18,"column":3},"end":{"line":18,"column":null}}},"fnMap":{"0":{"name":"vitePluginStarlightRapidoc","decl":{"start":{"line":5,"column":16},"end":{"line":5,"column":null}},"loc":{"start":{"line":7,"column":14},"end":{"line":21,"column":null}},"line":7},"1":{"name":"(anonymous_1)","decl":{"start":{"line":14,"column":2},"end":{"line":14,"column":7}},"loc":{"start":{"line":14,"column":11},"end":{"line":16,"column":null}},"line":14},"2":{"name":"(anonymous_2)","decl":{"start":{"line":17,"column":2},"end":{"line":17,"column":12}},"loc":{"start":{"line":17,"column":16},"end":{"line":19,"column":null}},"line":17}},"branchMap":{"0":{"loc":{"start":{"line":15,"column":10},"end":{"line":15,"column":null}},"type":"cond-expr","locations":[{"start":{"line":15,"column":36},"end":{"line":15,"column":52}},{"start":{"line":15,"column":52},"end":{"line":15,"column":null}}],"line":15},"1":{"loc":{"start":{"line":18,"column":10},"end":{"line":18,"column":null}},"type":"cond-expr","locations":[{"start":{"line":18,"column":28},"end":{"line":18,"column":47}},{"start":{"line":18,"column":47},"end":{"line":18,"column":null}}],"line":18}},"s":{"0":7,"1":7,"2":7,"3":7,"4":3,"5":4},"f":{"0":7,"1":3,"2":4},"b":{"0":[2,1],"1":[3,1]},"meta":{"lastBranch":2,"lastFunction":3,"lastStatement":6,"seen":{"f:5:16:5:Infinity":0,"s:8:18:8:Infinity":0,"s:9:26:9:Infinity":1,"s:10:23:10:Infinity":2,"s:12:1:20:Infinity":3,"f:14:2:14:7":1,"s:15:3:15:Infinity":4,"b:15:36:15:52:15:52:15:Infinity":0,"f:17:2:17:12":2,"s:18:3:18:Infinity":5,"b:18:28:18:47:18:47:18:Infinity":1}}}
}
